2025-10-29 20:15:42-0400: Running with following config:
allowResignation = true
lagBuffer = 1.0
logAllGTPCommunication = true
logDir = gtp_logs
logSearchInfo = true
logSearchInfoForChosenMove = false
logToStderr = false
maxTimePondering = 60.0
maxVisits = 100
numSearchThreads = 24
ponderingEnabled = false
resignConsecTurns = 3
resignThreshold = -0.90
rules = tromp-taylor
searchFactorAfterOnePass = 0.50
searchFactorAfterTwoPass = 0.25
searchFactorWhenWinning = 0.40
searchFactorWhenWinningThreshold = 0.95

2025-10-29 20:15:42-0400: GTP Engine starting...
2025-10-29 20:15:42-0400: KataGo v1.16.4
2025-10-29 20:15:42-0400: Using TrompTaylor rules initially, unless GTP/GUI overrides this
2025-10-29 20:15:42-0400: Using 24 CPU thread(s) for search
2025-10-29 20:15:43-0400: nnRandSeed0 = 13169211134848651032
2025-10-29 20:15:43-0400: After dedups: nnModelFile0 = default_model.bin.gz useFP16 auto useNHWC auto
2025-10-29 20:15:43-0400: Initializing neural net buffer to be size 19 * 19 exactly
2025-10-29 20:15:46-0400: Found OpenCL Platform 0: NVIDIA CUDA (NVIDIA Corporation) (OpenCL 3.0 CUDA 12.8.98)
2025-10-29 20:15:46-0400: Found 8 device(s) on platform 0 with type CPU or GPU or Accelerator
2025-10-29 20:15:46-0400: Found OpenCL Device 0: NVIDIA RTX 6000 Ada Generation (NVIDIA Corporation) (score 11000300)
2025-10-29 20:15:46-0400: Found OpenCL Device 1: NVIDIA RTX 6000 Ada Generation (NVIDIA Corporation) (score 11000300)
2025-10-29 20:15:46-0400: Found OpenCL Device 2: NVIDIA RTX 6000 Ada Generation (NVIDIA Corporation) (score 11000300)
2025-10-29 20:15:46-0400: Found OpenCL Device 3: NVIDIA RTX 6000 Ada Generation (NVIDIA Corporation) (score 11000300)
2025-10-29 20:15:46-0400: Found OpenCL Device 4: NVIDIA RTX 6000 Ada Generation (NVIDIA Corporation) (score 11000300)
2025-10-29 20:15:46-0400: Found OpenCL Device 5: NVIDIA RTX 6000 Ada Generation (NVIDIA Corporation) (score 11000300)
2025-10-29 20:15:46-0400: Found OpenCL Device 6: NVIDIA RTX 6000 Ada Generation (NVIDIA Corporation) (score 11000300)
2025-10-29 20:15:46-0400: Found OpenCL Device 7: NVIDIA RTX 6000 Ada Generation (NVIDIA Corporation) (score 11000300)
2025-10-29 20:15:46-0400: Creating context for OpenCL Platform: NVIDIA CUDA (NVIDIA Corporation) (OpenCL 3.0 CUDA 12.8.98)
2025-10-29 20:15:47-0400: Using OpenCL Device 0: NVIDIA RTX 6000 Ada Generation (NVIDIA Corporation) OpenCL 3.0 CUDA (Extensions: cl_khr_global_int32_base_atomics cl_khr_global_int32_extended_atomics cl_khr_local_int32_base_atomics cl_khr_local_int32_extended_atomics cl_khr_fp64 cl_khr_3d_image_writes cl_khr_byte_addressable_store cl_khr_icd cl_khr_gl_sharing cl_nv_compiler_options cl_nv_device_attribute_query cl_nv_pragma_unroll cl_nv_copy_opts cl_khr_gl_event cl_nv_create_buffer cl_khr_int64_base_atomics cl_khr_int64_extended_atomics cl_nv_kernel_attribute cl_khr_device_uuid cl_khr_pci_bus_info cl_khr_external_semaphore cl_khr_external_memory cl_khr_external_semaphore_opaque_fd cl_khr_external_memory_opaque_fd cl_khr_semaphore)
2025-10-29 20:15:47-0400: Loaded tuning parameters from: /thayerfs/home/f004h1v/.katago/opencltuning/tune11_gpuNVIDIARTX6000AdaGeneration_x19_y19_c512_mv15.txt
2025-10-29 20:15:47-0400: OpenCL backend thread 0: Model version 15
2025-10-29 20:15:47-0400: OpenCL backend thread 0: Model name: kata1-b28c512nbt-s11653980416-d5514111622
2025-10-29 20:15:50-0400: OpenCL backend thread 0: FP16Storage true FP16Compute false FP16TensorCores true FP16TensorCoresFor1x1 false
2025-10-29 20:15:50-0400: Loaded neural net with nnXLen 19 nnYLen 19
2025-10-29 20:15:50-0400: Initializing board with boardXSize 19 boardYSize 19
2025-10-29 20:15:50-0400: Loaded config default_gtp.cfg and/or command-line and query overrides
2025-10-29 20:15:50-0400: Loaded model default_model.bin.gz
2025-10-29 20:15:50-0400: Config override: maxVisits = 100
2025-10-29 20:15:50-0400: Model name: kata1-b28c512nbt-s11653980416-d5514111622
2025-10-29 20:15:50-0400: GTP ready, beginning main protocol loop
2025-10-29 20:15:50-0400: GPU -1 finishing, processed 0 rows 0 batches
2025-10-29 20:15:51-0400: All cleaned up, quitting
